<?xml version="1.0" encoding="UTF-8"?>
<!-- Generated by org.testng.reporters.JUnitXMLReporter -->
<testsuite ignored="0" hostname="DESKTOP-C7480VD" failures="2" tests="6" name="Test" time="0.224" errors="0" timestamp="2022-04-01T20:12:14 GMT-05:00">
  <testcase classname="listner.Testing1" name="q" time="0.023">
    <failure type="java.lang.AssertionError" message="null">
      <![CDATA[java.lang.AssertionError: null
at listner.Testing1.q(Testing1.java:21)
at java.base/java.util.ArrayList.forEach(ArrayList.java:1541)
... Removed 29 stack frames]]>
    </failure>
  </testcase> <!-- q -->
  <testcase classname="listner.Testing1" name="p" time="0.003"/>
  <testcase classname="listner.Testing1" name="r" time="0.0">
    <skipped/>
  </testcase> <!-- r -->
  <testcase classname="listner.Testing" name="a" time="0.006"/>
  <testcase classname="listner.Testing" name="b" time="0.008">
    <failure type="java.lang.AssertionError" message="null">
      <![CDATA[java.lang.AssertionError: null
at listner.Testing.b(Testing.java:23)
at java.base/java.util.ArrayList.forEach(ArrayList.java:1541)
... Removed 29 stack frames]]>
    </failure>
  </testcase> <!-- b -->
  <testcase classname="listner.Testing" name="c" time="0.0">
    <skipped/>
  </testcase> <!-- c -->
</testsuite> <!-- Test -->
